Exception at PC 0x000007FEFD9BBE0D
Exception at PC 0x000007FEFD9BBE0D
Exception at PC 0x000007FEFD9BBE0D
Exception at PC 0x000007FEFD9BBE0D
Exception at PC 0x000007FE9F27E132
Attemped to write at address 0x000007FEE2454AA4
Printing stacktrace...

[0]  [0x000007FE9F27E132]
[1]  [0x000007FE9F27E132]
[2]  [0x000007FE9F27E194]
[3]  [0x000007FE9EECD0D7]
[4]  [0x000007FE9EDB2BCA]
[5]  [0x000007FE9EDB2FD1]
[6]  [0x000007FE9F27EB2F]
[7]  [0x000007FE9F13C19D]
[8]  [0x000007FE9F135942]
[9]  [0x000007FE9F135AB5]
[10] (LdrShutdownProcess+0x1db) [0x0000000077BD778B]
[11] (RtlExitUserProcess+0x90) [0x0000000077BDC1E0]
[12] (wcstoui64+0x2fa) [0x000007FEFE8899E2]
[13]  [0x00000000004014CD]
[14]  [0x000000000040151B]
[15] (BaseThreadInitThunk+0xd) [0x000000007799570D]
[16] (RtlUserThreadStart+0x1d) [0x0000000077BF385D]
Done
